Arguments: 
  /usr/local/bin/node /usr/local/bin/yarn install

PATH: 
  /usr/local/sbin:/usr/local/bin:/usr/sbin:/usr/bin:/sbin:/bin:/usr/games:/usr/local/games:/snap/bin

Yarn version: 
  1.22.19

Node version: 
  20.5.1

Platform: 
  linux x64

Trace: 
  Error: https://registry.npmjs.org/axios: ETIMEDOUT
      at Timeout._onTimeout (/usr/local/lib/node_modules/yarn/lib/cli.js:141550:19)
      at listOnTimeout (node:internal/timers:573:17)
      at process.processTimers (node:internal/timers:514:7)

npm manifest: 
  {
    "name": "customer-analytics",
    "version": "1.0.0",
    "description": "customer analytics kafka consumer services",
    "main": "index.js",
    "scripts": {
      "test": "echo \"Error: no test specified\" && exit 1",
      "start": "node index.js"
    },
    "repository": {
      "type": "git",
      "url": "https://ossgit.nwestnetwork.com/CXP/kafka_events/customer-analytics.git"
    },
    "author": "TechM",
    "license": "ISC",
    "dependencies": {
      "axios": "^1.4.0",
      "elastic-apm-node": "^3.18.0",
      "kafkajs": "^2.2.3",
      "mongoose": "^6.2.4",
      "mssql": "^9.1.1"
    }
  }

yarn manifest: 
  No manifest

Lockfile: 
  No lockfile
